<?xml version="1.0" encoding="UTF-8"?>
<testsuite xmlns:xsi="http://www.w3.org/2001/XMLSchema-instance" xsi:noNamespaceSchemaLocation="https://maven.apache.org/surefire/maven-surefire-plugin/xsd/surefire-test-report.xsd" version="3.0.2" name="com.example.NutriCorp.NutriCorpApplicationTests" time="6.043" tests="1" errors="0" skipped="0" failures="0">
  <properties>
[...]
</properties>
  <testcase name="contextLoads" classname="com.example.NutriCorp.NutriCorpApplicationTests" time="0.384">
    <system-out><![CDATA[19:24:14.502 [main] INFO org.springframework.test.context.support.AnnotationConfigContextLoaderUtils -- Could not detect default configuration classes for test class [com.example.NutriCorp.NutriCorpApplicationTests]: NutriCorpApplicationTests does not declare any static, non-private, non-final, nested classes annotated with @Configuration.
19:24:14.630 [main] INFO org.springframework.boot.test.context.SpringBootTestContextBootstrapper -- Found @SpringBootConfiguration com.example.NutriCorp.NutriCorpApplication for test class com.example.NutriCorp.NutriCorpApplicationTests
19:24:14.831 [main] INFO org.springframework.boot.devtools.restart.RestartApplicationListener -- Restart disabled due to context in which it is running

  .   ____          _            __ _ _
 /\\ / ___'_ __ _ _(_)_ __  __ _ \ \ \ \
( ( )\___ | '_ | '_| | '_ \/ _` | \ \ \ \
 \\/  ___)| |_)| | | | | || (_| |  ) ) ) )
  '  |____| .__|_| |_|_| |_\__, | / / / /
 =========|_|==============|___/=/_/_/_/

 :: Spring Boot ::                (v3.5.0)

2025-05-29T19:24:15.181+05:30  INFO 12924 --- [NutriCorp] [           main] c.e.NutriCorp.NutriCorpApplicationTests  : Starting NutriCorpApplicationTests using Java 17.0.15 with PID 12924 (started by VisualMax in C:\Users\VisualMax\Documents\JavaBackend\NutriCorp)
2025-05-29T19:24:15.184+05:30  INFO 12924 --- [NutriCorp] [           main] c.e.NutriCorp.NutriCorpApplicationTests  : No active profile set, falling back to 1 default profile: "default"
2025-05-29T19:24:16.032+05:30  INFO 12924 --- [NutriCorp] [           main] .s.d.r.c.RepositoryConfigurationDelegate : Bootstrapping Spring Data JPA repositories in DEFAULT mode.
2025-05-29T19:24:16.184+05:30  INFO 12924 --- [NutriCorp] [           main] .s.d.r.c.RepositoryConfigurationDelegate : Finished Spring Data repository scanning in 140 ms. Found 1 JPA repository interface.
2025-05-29T19:24:16.855+05:30  INFO 12924 --- [NutriCorp] [           main] o.hibernate.jpa.internal.util.LogHelper  : HHH000204: Processing PersistenceUnitInfo [name: default]
2025-05-29T19:24:16.931+05:30  INFO 12924 --- [NutriCorp] [           main] org.hibernate.Version                    : HHH000412: Hibernate ORM core version 6.6.15.Final
2025-05-29T19:24:16.980+05:30  INFO 12924 --- [NutriCorp] [           main] o.h.c.internal.RegionFactoryInitiator    : HHH000026: Second-level cache disabled
2025-05-29T19:24:17.371+05:30  INFO 12924 --- [NutriCorp] [           main] o.s.o.j.p.SpringPersistenceUnitInfo      : No LoadTimeWeaver setup: ignoring JPA class transformer
2025-05-29T19:24:17.409+05:30  INFO 12924 --- [NutriCorp] [           main] com.zaxxer.hikari.HikariDataSource       : HikariPool-1 - Starting...
2025-05-29T19:24:17.608+05:30  INFO 12924 --- [NutriCorp] [           main] com.zaxxer.hikari.pool.HikariPool        : HikariPool-1 - Added connection conn0: url=jdbc:h2:mem:nutri user=SA
2025-05-29T19:24:17.610+05:30  INFO 12924 --- [NutriCorp] [           main] com.zaxxer.hikari.HikariDataSource       : HikariPool-1 - Start completed.
2025-05-29T19:24:17.640+05:30  WARN 12924 --- [NutriCorp] [           main] org.hibernate.orm.deprecation            : HHH90000025: H2Dialect does not need to be specified explicitly using 'hibernate.dialect' (remove the property setting and it will be selected by default)
2025-05-29T19:24:17.671+05:30  INFO 12924 --- [NutriCorp] [           main] org.hibernate.orm.connections.pooling    : HHH10001005: Database info:
	Database JDBC URL [Connecting through datasource 'HikariDataSource (HikariPool-1)']
	Database driver: undefined/unknown
	Database version: 2.3.232
	Autocommit mode: undefined/unknown
	Isolation level: undefined/unknown
	Minimum pool size: undefined/unknown
	Maximum pool size: undefined/unknown
2025-05-29T19:24:18.526+05:30  INFO 12924 --- [NutriCorp] [           main] o.h.e.t.j.p.i.JtaPlatformInitiator       : HHH000489: No JTA platform available (set 'hibernate.transaction.jta.platform' to enable JTA platform integration)
Hibernate: create table api_demo_table (pid integer generated by default as identity, body varchar(255), id integer, title varchar(255), userid integer, primary key (pid))
Hibernate: create table food_items (item_id integer generated by default as identity, item_name varchar(255), cal float(24), carbs float(24), fats float(24), protein float(24), primary key (item_id))
2025-05-29T19:24:18.588+05:30  INFO 12924 --- [NutriCorp] [           main] j.LocalContainerEntityManagerFactoryBean : Initialized JPA EntityManagerFactory for persistence unit 'default'
2025-05-29T19:24:18.878+05:30  WARN 12924 --- [NutriCorp] [           main] JpaBaseConfiguration$JpaWebConfiguration : spring.jpa.open-in-view is enabled by default. Therefore, database queries may be performed during view rendering. Explicitly configure spring.jpa.open-in-view to disable this warning
2025-05-29T19:24:18.996+05:30  INFO 12924 --- [NutriCorp] [           main] r$InitializeUserDetailsManagerConfigurer : Global AuthenticationManager configured with UserDetailsService bean with name inMemoryUserDetailsManager
2025-05-29T19:24:19.758+05:30  INFO 12924 --- [NutriCorp] [           main] o.s.b.a.h2.H2ConsoleAutoConfiguration    : H2 console available at '/h2-console'. Database available at 'jdbc:h2:mem:nutri'
2025-05-29T19:24:19.928+05:30  INFO 12924 --- [NutriCorp] [           main] c.e.NutriCorp.NutriCorpApplicationTests  : Started NutriCorpApplicationTests in 5.112 seconds (process running for 6.327)
]]></system-out>
  </testcase>
</testsuite>